{"C:\\TFC\\client\\src\\app\\app.component.html": {"path":"C:\\TFC\\client\\src\\app\\app.component.html","statementMap":{"0":{"start":{"line":1,"column":0},"end":{"line":1,"column":257}}},"fnMap":{},"branchMap":{},"s":{"0":1},"f":{},"b":{},"_coverageSchema":"1a1c01bbd47fc00a2c39e90264f33305004495a9","hash":"d962fdcbd1b37e1f284798f21e83d0bbe4c3b51b"}
,"C:\\TFC\\client\\src\\app\\app.component.ts": {"path":"C:\\TFC\\client\\src\\app\\app.component.ts","statementMap":{"0":{"start":{"line":1,"column":0},"end":{"line":1,"column":50}},"1":{"start":{"line":2,"column":0},"end":{"line":2,"column":41}},"2":{"start":{"line":3,"column":0},"end":{"line":3,"column":63}},"3":{"start":{"line":12,"column":22},"end":{"line":12,"column":36}},"4":{"start":{"line":12,"column":46},"end":{"line":12,"column":70}},"5":{"start":{"line":15,"column":4},"end":{"line":24,"column":5}},"6":{"start":{"line":16,"column":6},"end":{"line":23,"column":null}},"7":{"start":{"line":17,"column":24},"end":{"line":17,"column":59}},"8":{"start":{"line":19,"column":10},"end":{"line":19,"column":52}},"9":{"start":{"line":20,"column":10},"end":{"line":20,"column":36}},"10":{"start":{"line":21,"column":10},"end":{"line":21,"column":43}},"11":{"start":{"line":28,"column":25},"end":{"line":28,"column":89}},"12":{"start":{"line":29,"column":4},"end":{"line":29,"column":51}},"13":{"start":{"line":11,"column":13},"end":{"line":11,"column":25}},"14":{"start":{"line":11,"column":13},"end":{"line":31,"column":null}}},"fnMap":{"0":{"name":"(anonymous_0)","decl":{"start":{"line":12,"column":2},"end":{"line":12,"column":22}},"loc":{"start":{"line":12,"column":70},"end":{"line":12,"column":74}}},"1":{"name":"(anonymous_1)","decl":{"start":{"line":14,"column":2},"end":{"line":14,"column":10}},"loc":{"start":{"line":14,"column":10},"end":{"line":25,"column":3}}},"2":{"name":"(anonymous_2)","decl":{"start":{"line":17,"column":14},"end":{"line":17,"column":15}},"loc":{"start":{"line":17,"column":24},"end":{"line":17,"column":59}}},"3":{"name":"(anonymous_3)","decl":{"start":{"line":18,"column":15},"end":{"line":18,"column":16}},"loc":{"start":{"line":18,"column":23},"end":{"line":22,"column":9}}},"4":{"name":"(anonymous_4)","decl":{"start":{"line":27,"column":2},"end":{"line":27,"column":12}},"loc":{"start":{"line":27,"column":12},"end":{"line":30,"column":3}}}},"branchMap":{"0":{"loc":{"start":{"line":15,"column":4},"end":{"line":24,"column":5}},"type":"if","locations":[{"start":{"line":15,"column":4},"end":{"line":24,"column":5}}]}},"s":{"0":1,"1":1,"2":1,"3":2,"4":2,"5":1,"6":0,"7":0,"8":0,"9":0,"10":0,"11":2,"12":2,"13":1,"14":1},"f":{"0":2,"1":1,"2":0,"3":0,"4":2},"b":{"0":[0]}}
,"C:\\TFC\\client\\src\\app\\books\\components\\books-list\\books-list.component.html": {"path":"C:\\TFC\\client\\src\\app\\books\\components\\books-list\\books-list.component.html","statementMap":{"0":{"start":{"line":1,"column":0},"end":{"line":1,"column":244}}},"fnMap":{},"branchMap":{},"s":{"0":1},"f":{},"b":{},"_coverageSchema":"1a1c01bbd47fc00a2c39e90264f33305004495a9","hash":"7105f5ea8c59bd1510da4cccaf9ce04f6d7ddc8c"}
,"C:\\TFC\\client\\src\\app\\books\\components\\books-list\\books-list.component.ts": {"path":"C:\\TFC\\client\\src\\app\\books\\components\\books-list\\books-list.component.ts","statementMap":{"0":{"start":{"line":1,"column":0},"end":{"line":1,"column":49}},"1":{"start":{"line":13,"column":25},"end":{"line":13,"column":27}},"2":{"start":{"line":15,"column":32},"end":{"line":15,"column":34}},"3":{"start":{"line":10,"column":13},"end":{"line":10,"column":31}},"4":{"start":{"line":10,"column":13},"end":{"line":17,"column":null}}},"fnMap":{},"branchMap":{},"s":{"0":1,"1":1,"2":1,"3":1,"4":1},"f":{},"b":{}}
,"C:\\TFC\\client\\src\\app\\sections\\services\\auth.service.ts": {"path":"C:\\TFC\\client\\src\\app\\sections\\services\\auth.service.ts","statementMap":{"0":{"start":{"line":1,"column":0},"end":{"line":1,"column":43}},"1":{"start":{"line":2,"column":0},"end":{"line":2,"column":50}},"2":{"start":{"line":3,"column":0},"end":{"line":3,"column":61}},"3":{"start":{"line":5,"column":0},"end":{"line":5,"column":41}},"4":{"start":{"line":11,"column":24},"end":{"line":11,"column":46}},"5":{"start":{"line":12,"column":33},"end":{"line":12,"column":68}},"6":{"start":{"line":13,"column":22},"end":{"line":13,"column":74}},"7":{"start":{"line":15,"column":22},"end":{"line":15,"column":51}},"8":{"start":{"line":17,"column":29},"end":{"line":17,"column":64}},"9":{"start":{"line":18,"column":22},"end":{"line":18,"column":58}},"10":{"start":{"line":20,"column":34},"end":{"line":20,"column":38}},"11":{"start":{"line":22,"column":22},"end":{"line":22,"column":38}},"12":{"start":{"line":22,"column":48},"end":{"line":22,"column":62}},"13":{"start":{"line":25,"column":4},"end":{"line":25,"column":79}},"14":{"start":{"line":29,"column":4},"end":{"line":29,"column":23}},"15":{"start":{"line":30,"column":4},"end":{"line":30,"column":47}},"16":{"start":{"line":31,"column":4},"end":{"line":31,"column":30}},"17":{"start":{"line":35,"column":4},"end":{"line":35,"column":61}},"18":{"start":{"line":39,"column":4},"end":{"line":39,"column":37}},"19":{"start":{"line":41,"column":4},"end":{"line":53,"column":9}},"20":{"start":{"line":48,"column":20},"end":{"line":48,"column":39}},"21":{"start":{"line":50,"column":10},"end":{"line":50,"column":52}},"22":{"start":{"line":51,"column":10},"end":{"line":51,"column":30}},"23":{"start":{"line":57,"column":4},"end":{"line":63,"column":11}},"24":{"start":{"line":58,"column":6},"end":{"line":58,"column":45}},"25":{"start":{"line":59,"column":6},"end":{"line":59,"column":24}},"26":{"start":{"line":60,"column":6},"end":{"line":60,"column":33}},"27":{"start":{"line":61,"column":6},"end":{"line":61,"column":40}},"28":{"start":{"line":62,"column":6},"end":{"line":62,"column":38}},"29":{"start":{"line":67,"column":2},"end":{"line":67,"column":35}},"30":{"start":{"line":69,"column":2},"end":{"line":73,"column":4}},"31":{"start":{"line":72,"column":19},"end":{"line":72,"column":52}},"32":{"start":{"line":78,"column":4},"end":{"line":78,"column":21}},"33":{"start":{"line":81,"column":4},"end":{"line":81,"column":23}},"34":{"start":{"line":85,"column":4},"end":{"line":85,"column":29}},"35":{"start":{"line":10,"column":13},"end":{"line":10,"column":24}},"36":{"start":{"line":10,"column":13},"end":{"line":87,"column":null}}},"fnMap":{"0":{"name":"(anonymous_0)","decl":{"start":{"line":22,"column":2},"end":{"line":22,"column":22}},"loc":{"start":{"line":22,"column":62},"end":{"line":22,"column":66}}},"1":{"name":"(anonymous_1)","decl":{"start":{"line":24,"column":2},"end":{"line":24,"column":7}},"loc":{"start":{"line":24,"column":39},"end":{"line":26,"column":3}}},"2":{"name":"(anonymous_2)","decl":{"start":{"line":28,"column":2},"end":{"line":28,"column":10}},"loc":{"start":{"line":28,"column":24},"end":{"line":32,"column":3}}},"3":{"name":"(anonymous_3)","decl":{"start":{"line":34,"column":2},"end":{"line":34,"column":10}},"loc":{"start":{"line":34,"column":10},"end":{"line":36,"column":3}}},"4":{"name":"(anonymous_4)","decl":{"start":{"line":38,"column":2},"end":{"line":38,"column":8}},"loc":{"start":{"line":38,"column":8},"end":{"line":54,"column":3}}},"5":{"name":"(anonymous_5)","decl":{"start":{"line":48,"column":14},"end":{"line":48,"column":17}},"loc":{"start":{"line":48,"column":20},"end":{"line":48,"column":39}}},"6":{"name":"(anonymous_6)","decl":{"start":{"line":49,"column":15},"end":{"line":49,"column":16}},"loc":{"start":{"line":49,"column":23},"end":{"line":52,"column":9}}},"7":{"name":"(anonymous_7)","decl":{"start":{"line":56,"column":10},"end":{"line":56,"column":22}},"loc":{"start":{"line":56,"column":22},"end":{"line":64,"column":3}}},"8":{"name":"(anonymous_8)","decl":{"start":{"line":57,"column":15},"end":{"line":57,"column":18}},"loc":{"start":{"line":57,"column":20},"end":{"line":63,"column":5}}},"9":{"name":"(anonymous_9)","decl":{"start":{"line":66,"column":0},"end":{"line":66,"column":8}},"loc":{"start":{"line":66,"column":8},"end":{"line":74,"column":1}}},"10":{"name":"(anonymous_10)","decl":{"start":{"line":72,"column":13},"end":{"line":72,"column":16}},"loc":{"start":{"line":72,"column":19},"end":{"line":72,"column":52}}},"11":{"name":"(anonymous_11)","decl":{"start":{"line":77,"column":2},"end":{"line":77,"column":11}},"loc":{"start":{"line":77,"column":22},"end":{"line":79,"column":3}}},"12":{"name":"(anonymous_12)","decl":{"start":{"line":80,"column":2},"end":{"line":80,"column":11}},"loc":{"start":{"line":80,"column":11},"end":{"line":82,"column":3}}},"13":{"name":"(anonymous_13)","decl":{"start":{"line":84,"column":2},"end":{"line":84,"column":17}},"loc":{"start":{"line":84,"column":17},"end":{"line":86,"column":3}}}},"branchMap":{"0":{"loc":{"start":{"line":35,"column":11},"end":{"line":35,"column":60}},"type":"binary-expr","locations":[{"start":{"line":35,"column":11},"end":{"line":35,"column":21}},{"start":{"line":35,"column":25},"end":{"line":35,"column":60}}]}},"s":{"0":1,"1":1,"2":1,"3":1,"4":4,"5":4,"6":4,"7":4,"8":4,"9":4,"10":4,"11":4,"12":4,"13":0,"14":0,"15":0,"16":0,"17":6,"18":0,"19":0,"20":0,"21":0,"22":0,"23":0,"24":0,"25":0,"26":0,"27":0,"28":0,"29":0,"30":0,"31":0,"32":0,"33":0,"34":6,"35":1,"36":1},"f":{"0":4,"1":0,"2":0,"3":6,"4":0,"5":0,"6":0,"7":0,"8":0,"9":0,"10":0,"11":0,"12":0,"13":6},"b":{"0":[6,6]}}
,"C:\\TFC\\client\\src\\app\\user\\components\\login\\login.component.html": {"path":"C:\\TFC\\client\\src\\app\\user\\components\\login\\login.component.html","statementMap":{"0":{"start":{"line":1,"column":0},"end":{"line":1,"column":974}}},"fnMap":{},"branchMap":{},"s":{"0":1},"f":{},"b":{},"_coverageSchema":"1a1c01bbd47fc00a2c39e90264f33305004495a9","hash":"8e695bc1625a291d9edf51e9ff16a5104c6727fd"}
,"C:\\TFC\\client\\src\\app\\user\\components\\login\\login.component.ts": {"path":"C:\\TFC\\client\\src\\app\\user\\components\\login\\login.component.ts","statementMap":{"0":{"start":{"line":1,"column":0},"end":{"line":1,"column":42}},"1":{"start":{"line":2,"column":0},"end":{"line":2,"column":68}},"2":{"start":{"line":3,"column":0},"end":{"line":3,"column":41}},"3":{"start":{"line":4,"column":0},"end":{"line":4,"column":70}},"4":{"start":{"line":15,"column":12},"end":{"line":15,"column":27}},"5":{"start":{"line":16,"column":12},"end":{"line":16,"column":36}},"6":{"start":{"line":17,"column":12},"end":{"line":17,"column":26}},"7":{"start":{"line":19,"column":28},"end":{"line":19,"column":73}},"8":{"start":{"line":20,"column":23},"end":{"line":20,"column":40}},"9":{"start":{"line":22,"column":4},"end":{"line":26,"column":7}},"10":{"start":{"line":29,"column":4},"end":{"line":31,"column":5}},"11":{"start":{"line":30,"column":6},"end":{"line":30,"column":38}},"12":{"start":{"line":35,"column":4},"end":{"line":38,"column":5}},"13":{"start":{"line":36,"column":6},"end":{"line":36,"column":67}},"14":{"start":{"line":37,"column":6},"end":{"line":37,"column":13}},"15":{"start":{"line":40,"column":44},"end":{"line":40,"column":64}},"16":{"start":{"line":42,"column":4},"end":{"line":46,"column":5}},"17":{"start":{"line":43,"column":6},"end":{"line":43,"column":53}},"18":{"start":{"line":45,"column":6},"end":{"line":45,"column":49}},"19":{"start":{"line":48,"column":4},"end":{"line":61,"column":7}},"20":{"start":{"line":50,"column":8},"end":{"line":53,"column":9}},"21":{"start":{"line":51,"column":10},"end":{"line":51,"column":49}},"22":{"start":{"line":52,"column":10},"end":{"line":52,"column":17}},"23":{"start":{"line":55,"column":8},"end":{"line":55,"column":57}},"24":{"start":{"line":56,"column":8},"end":{"line":56,"column":41}},"25":{"start":{"line":59,"column":8},"end":{"line":59,"column":65}},"26":{"start":{"line":11,"column":13},"end":{"line":11,"column":27}},"27":{"start":{"line":11,"column":13},"end":{"line":63,"column":null}}},"fnMap":{"0":{"name":"(anonymous_0)","decl":{"start":{"line":14,"column":2},"end":{"line":14,"column":null}},"loc":{"start":{"line":17,"column":26},"end":{"line":32,"column":3}}},"1":{"name":"(anonymous_1)","decl":{"start":{"line":34,"column":2},"end":{"line":34,"column":10}},"loc":{"start":{"line":34,"column":10},"end":{"line":62,"column":3}}},"2":{"name":"(anonymous_2)","decl":{"start":{"line":49,"column":12},"end":{"line":49,"column":13}},"loc":{"start":{"line":49,"column":26},"end":{"line":57,"column":7}}},"3":{"name":"(anonymous_3)","decl":{"start":{"line":58,"column":13},"end":{"line":58,"column":14}},"loc":{"start":{"line":58,"column":23},"end":{"line":60,"column":7}}}},"branchMap":{"0":{"loc":{"start":{"line":19,"column":28},"end":{"line":19,"column":73}},"type":"binary-expr","locations":[{"start":{"line":19,"column":28},"end":{"line":19,"column":67}},{"start":{"line":19,"column":71},"end":{"line":19,"column":73}}]},"1":{"loc":{"start":{"line":29,"column":4},"end":{"line":31,"column":5}},"type":"if","locations":[{"start":{"line":29,"column":4},"end":{"line":31,"column":5}}]},"2":{"loc":{"start":{"line":35,"column":4},"end":{"line":38,"column":5}},"type":"if","locations":[{"start":{"line":35,"column":4},"end":{"line":38,"column":5}}]},"3":{"loc":{"start":{"line":42,"column":4},"end":{"line":46,"column":5}},"type":"if","locations":[{"start":{"line":42,"column":4},"end":{"line":46,"column":5}},{"start":{"line":44,"column":11},"end":{"line":46,"column":5}}]},"4":{"loc":{"start":{"line":50,"column":8},"end":{"line":53,"column":9}},"type":"if","locations":[{"start":{"line":50,"column":8},"end":{"line":53,"column":9}}]},"5":{"loc":{"start":{"line":50,"column":12},"end":{"line":50,"column":48}},"type":"binary-expr","locations":[{"start":{"line":50,"column":12},"end":{"line":50,"column":22}},{"start":{"line":50,"column":26},"end":{"line":50,"column":48}}]},"6":{"loc":{"start":{"line":59,"column":14},"end":{"line":59,"column":63}},"type":"binary-expr","locations":[{"start":{"line":59,"column":14},"end":{"line":59,"column":34}},{"start":{"line":59,"column":38},"end":{"line":59,"column":63}}]}},"s":{"0":1,"1":1,"2":1,"3":1,"4":2,"5":2,"6":2,"7":2,"8":2,"9":2,"10":2,"11":0,"12":0,"13":0,"14":0,"15":0,"16":0,"17":0,"18":0,"19":0,"20":0,"21":0,"22":0,"23":0,"24":0,"25":0,"26":1,"27":1},"f":{"0":2,"1":0,"2":0,"3":0},"b":{"0":[2,2],"1":[0],"2":[0],"3":[0,0],"4":[0],"5":[0,0],"6":[0,0]}}
}
