TN:
SF:src\app\app.component.html
FNF:0
FNH:0
DA:1,1
LF:1
LH:1
BRF:0
BRH:0
end_of_record
TN:
SF:src\app\app.component.ts
FN:12,(anonymous_0)
FN:14,(anonymous_1)
FN:17,(anonymous_2)
FN:18,(anonymous_3)
FN:27,(anonymous_4)
FNF:5
FNH:3
FNDA:2,(anonymous_0)
FNDA:1,(anonymous_1)
FNDA:0,(anonymous_2)
FNDA:0,(anonymous_3)
FNDA:2,(anonymous_4)
DA:1,1
DA:2,1
DA:3,1
DA:11,1
DA:12,2
DA:15,1
DA:16,0
DA:17,0
DA:19,0
DA:20,0
DA:21,0
DA:28,2
DA:29,2
LF:13
LH:8
BRDA:15,0,0,0
BRF:1
BRH:0
end_of_record
TN:
SF:src\app\books\components\books-list\books-list.component.html
FNF:0
FNH:0
DA:1,1
LF:1
LH:1
BRF:0
BRH:0
end_of_record
TN:
SF:src\app\books\components\books-list\books-list.component.ts
FNF:0
FNH:0
DA:1,1
DA:10,1
DA:13,1
DA:15,1
LF:4
LH:4
BRF:0
BRH:0
end_of_record
TN:
SF:src\app\sections\services\auth.service.ts
FN:22,(anonymous_0)
FN:24,(anonymous_1)
FN:28,(anonymous_2)
FN:34,(anonymous_3)
FN:38,(anonymous_4)
FN:48,(anonymous_5)
FN:49,(anonymous_6)
FN:56,(anonymous_7)
FN:57,(anonymous_8)
FN:66,(anonymous_9)
FN:72,(anonymous_10)
FN:77,(anonymous_11)
FN:80,(anonymous_12)
FN:84,(anonymous_13)
FNF:14
FNH:3
FNDA:4,(anonymous_0)
FNDA:0,(anonymous_1)
FNDA:0,(anonymous_2)
FNDA:6,(anonymous_3)
FNDA:0,(anonymous_4)
FNDA:0,(anonymous_5)
FNDA:0,(anonymous_6)
FNDA:0,(anonymous_7)
FNDA:0,(anonymous_8)
FNDA:0,(anonymous_9)
FNDA:0,(anonymous_10)
FNDA:0,(anonymous_11)
FNDA:0,(anonymous_12)
FNDA:6,(anonymous_13)
DA:1,1
DA:2,1
DA:3,1
DA:5,1
DA:10,1
DA:11,4
DA:12,4
DA:13,4
DA:15,4
DA:17,4
DA:18,4
DA:20,4
DA:22,4
DA:25,0
DA:29,0
DA:30,0
DA:31,0
DA:35,6
DA:39,0
DA:41,0
DA:48,0
DA:50,0
DA:51,0
DA:57,0
DA:58,0
DA:59,0
DA:60,0
DA:61,0
DA:62,0
DA:67,0
DA:69,0
DA:72,0
DA:78,0
DA:81,0
DA:85,6
LF:35
LH:15
BRDA:35,0,0,6
BRDA:35,0,1,6
BRF:2
BRH:2
end_of_record
TN:
SF:src\app\user\components\login\login.component.html
FNF:0
FNH:0
DA:1,1
LF:1
LH:1
BRF:0
BRH:0
end_of_record
TN:
SF:src\app\user\components\login\login.component.ts
FN:14,(anonymous_0)
FN:34,(anonymous_1)
FN:49,(anonymous_2)
FN:58,(anonymous_3)
FNF:4
FNH:1
FNDA:2,(anonymous_0)
FNDA:0,(anonymous_1)
FNDA:0,(anonymous_2)
FNDA:0,(anonymous_3)
DA:1,1
DA:2,1
DA:3,1
DA:4,1
DA:11,1
DA:15,2
DA:16,2
DA:17,2
DA:19,2
DA:20,2
DA:22,2
DA:29,2
DA:30,0
DA:35,0
DA:36,0
DA:37,0
DA:40,0
DA:42,0
DA:43,0
DA:45,0
DA:48,0
DA:50,0
DA:51,0
DA:52,0
DA:55,0
DA:56,0
DA:59,0
LF:27
LH:12
BRDA:19,0,0,2
BRDA:19,0,1,2
BRDA:29,1,0,0
BRDA:35,2,0,0
BRDA:42,3,0,0
BRDA:42,3,1,0
BRDA:50,4,0,0
BRDA:50,5,0,0
BRDA:50,5,1,0
BRDA:59,6,0,0
BRDA:59,6,1,0
BRF:11
BRH:2
end_of_record
